Encountered cycle ['util-linux', 'pam', 'audit', 'swig', 'python', 'tcltk', 'libXft', 'fontconfig']
Encountered cycle ['gcc', 'gettext']
Encountered cycle ['util-linux', 'python3', 'tcltk', 'libXft', 'fontconfig']
Encountered cycle ['xorg-server', 'xorg-input-evdev']
Encountered cycle ['util-linux', 'eudev']
Encountered cycle ['gettext', 'glib2', 'util-linux', 'pam']
Encountered cycle ['util-linux', 'pam', 'libxslt', 'libxml2', 'python', 'tcltk', 'libXft', 'fontconfig']
Encountered cycle ['gettext', 'glib2', 'libpcre', 'gcc']
Encountered cycle ['gettext', 'libxml2', 'python3', 'expat', 'glibc']
Encountered cycle ['gettext', 'acl']
Encountered cycle ['glib2', 'util-linux', 'pam', 'gettext']
Encountered cycle ['util-linux', 'pam', 'gettext', 'glib2']
Encountered cycle ['tcltk', 'libXft', 'fontconfig', 'util-linux', 'python3']
Encountered cycle ['libX11', 'libxcb', 'xcb-proto', 'python', 'tcltk', 'libXft']
Encountered cycle ['xorg-server', 'xorg-input-libinput']
Encountered cycle ['openssl', 'xorg-util', 'xorg-proto', 'libxslt', 'libxml2', 'python3']
Encountered cycle ['gettext', 'glib2', 'dbus', 'expat', 'glibc']
Encountered cycle ['cups', 'avahi', 'gtk2']
Encountered cycle ['acl', 'gettext']
Encountered cycle ['tcltk', 'libX11', 'libxcb', 'xcb-proto', 'python']
Encountered cycle ['gcc', 'gettext', 'glib2', 'libpcre']
Encountered cycle ['gcc', 'gmp']
Encountered cycle ['tcltk', 'libXft', 'libX11', 'libxcb', 'python']
Encountered cycle ['python3', 'tcltk', 'libXft', 'fontconfig', 'util-linux']
Encountered cycle ['xorg-server', 'xorg-input-mouse']
Encountered cycle ['libxcb', 'python', 'tcltk', 'libXft', 'libX11']
Encountered cycle ['tcltk', 'libXft', 'libX11', 'libxcb', 'xcb-proto', 'python']
Encountered cycle ['elfutils', 'gcc']
Encountered cycle ['util-linux', 'libcap-ng', 'python', 'tcltk', 'libXft', 'fontconfig']
Encountered cycle ['cups', 'avahi', 'gtk3']
Encountered cycle ['libX11', 'libxcb', 'python', 'tcltk', 'libXft']
Encountered cycle ['gmp', 'gcc', 'ppl', 'glpk']
Encountered cycle ['util-linux', 'python3', 'tcltk', 'fontconfig']
Encountered cycle ['python3', 'tcltk', 'libXft', 'fontconfig', 'util-linux', 'pam', 'gettext', 'libxml2']
Encountered cycle ['texinfo', 'perl', 'db', 'gcc']
Encountered cycle ['gcc', 'elfutils']
Encountered cycle ['python', 'tcltk', 'libX11', 'libxcb', 'xcb-proto']
Encountered cycle ['eudev', 'util-linux']
Encountered cycle ['libX11', 'libxcb', 'python', 'tcltk']
Encountered cycle ['gmp', 'gcc']
Encountered cycle ['python', 'tcltk', 'libX11', 'libxcb']
Encountered cycle ['gettext', 'gcc']
Encountered cycle ['gtk3', 'cups', 'avahi']
Encountered cycle ['libX11', 'libxcb', 'xcb-proto', 'python', 'tcltk']
Encountered cycle ['util-linux', 'libcap-ng', 'swig', 'python', 'tcltk', 'libXft', 'fontconfig']
Encountered cycle ['pam', 'gettext', 'glib2', 'util-linux']
Encountered cycle ['libxcb', 'xcb-proto', 'python', 'tcltk', 'libXft', 'libX11']
Encountered cycle ['util-linux', 'pam', 'libxslt', 'libxml2', 'python3', 'tcltk', 'libXft', 'fontconfig']
Encountered cycle ['python', 'tcltk', 'libXft', 'libX11', 'libxcb']
Encountered cycle ['openssl', 'sed', 'gettext', 'libxml2', 'python3']
Encountered cycle ['gtk2', 'cups', 'avahi']
