20191213 - 2:14 a.m.
--------------------

Checking reverse dependencies...

Collecting system binaries and libraries... done.
  (/root/.revdep-rebuild.1_files)

Collecting complete LD_LIBRARY_PATH... done.
  (/root/.revdep-rebuild.2_ldpath)

Checking dynamic linking consistency...
  broken /usr/lib/galera/libgalera_smm.so (requires libssl.so.1.0.0 libcrypto.so.1.0.0)
ldd: warning: you do not have execution permission for `/usr/lib/plugin/ha_connect.so'
  broken /usr/lib/plugin/ha_connect.so (requires libodbc.so.1)
ldd: warning: you do not have execution permission for `/usr/lib/plugin/ha_oqgraph.so'
  broken /usr/lib/plugin/ha_oqgraph.so (requires libJudy.so.1)
  broken /usr/lib/qt5/plugins/kf5/kfilemetadata/kfilemetadata_epubextractor.so (requires libepub.so.0)
  broken /usr/lib/qt5/plugins/kf5/kfilemetadata/kfilemetadata_popplerextractor.so (requires libpoppler-qt5.so.1)
  broken /usr/lib/qt5/qml/org/kde/plasma/private/kicker/libkickerplugin.so (requires libKF5ActivitiesStats.so.1)
  broken /usr/lib/libavdevice.so.58.8.100 (requires libcdio_paranoia.so.2 libcdio_cdda.so.2 libdc1394.so.22)
  broken /usr/lib/mlt/libmltavformat.so (requires libcdio_paranoia.so.2 libcdio_cdda.so.2 libdc1394.so.22)
  broken /usr/bin/curl (requires libcurl.so.4)
  broken /usr/bin/garbd (requires libssl.so.1.0.0 libcrypto.so.1.0.0)
  broken /usr/bin/mysql (requires libtinfo.so.5)
  broken /usr/bin/xscreensaver (requires libXxf86misc.so.1)
  broken /usr/bin/y4mhist (requires libSDL_gfx.so.15)
  broken /usr/bin/lqtplay (requires libXaw.so.7)
  broken /usr/bin/cdda-player (requires libtinfo.so.5)
  broken /usr/bin/ffmpeg (requires libcdio_paranoia.so.2 libcdio_cdda.so.2 libdc1394.so.22)
  broken /usr/bin/ffprobe (requires libcdio_paranoia.so.2 libcdio_cdda.so.2 libdc1394.so.22)
  broken /usr/libexec/p11-kit/p11-kit-remote (requires libp11-kit.so.0)
  broken /usr/libexec/p11-kit/p11-kit-server (requires libp11-kit.so.0)
 done.
  (/root/.revdep-rebuild.3_rebuild)

Determining package names consistency...
 done.
  (/root/.revdep-rebuild.4_names)
Package "curl" has file "/usr/bin/curl"
Package "ffmpeg" has file "/usr/bin/ffmpeg"
Package "ffmpeg" has file "/usr/bin/ffprobe"
Package "ffmpeg" has file "/usr/lib/libavdevice.so.58.8.100"
Package "kfilemetadata" has file "/usr/lib/qt5/plugins/kf5/kfilemetadata/kfilemetadata_epubextractor.so"
Package "kfilemetadata" has file "/usr/lib/qt5/plugins/kf5/kfilemetadata/kfilemetadata_popplerextractor.so"
Package "libcdio" has file "/usr/bin/cdda-player"
Package "libquicktime" has file "/usr/bin/lqtplay"
Package "mariadb-bin-client" has file "/usr/bin/garbd"
Package "mariadb-bin-client" has file "/usr/bin/mysql"
Package "mariadb-bin-client" has file "/usr/lib/plugin/ha_connect.so"
Package "mariadb-bin-client" has file "/usr/lib/plugin/ha_oqgraph.so"
Package "mariadb-bin-lib" has file "/usr/lib/galera/libgalera_smm.so"
Package "mjpegtools" has file "/usr/bin/y4mhist"
Package "mlt" has file "/usr/lib/mlt/libmltavformat.so"
Package "p11-kit" has file "/usr/libexec/p11-kit/p11-kit-remote"
Package "p11-kit" has file "/usr/libexec/p11-kit/p11-kit-server"
Package "plasma-workspace" has file "/usr/lib/qt5/qml/org/kde/plasma/private/kicker/libkickerplugin.so"
Package "xscreensaver" has file "/usr/bin/xscreensaver"

