This file contains any messages produced by compilers while
running configure, to aid debugging if configure makes a mistake.

It was created by mate-session-manager configure 1.24.0, which was
generated by GNU Autoconf 2.69.  Invocation command line was

  $ /var/inary/mate-session-manager-1.24.0-2/work/mate-session-manager-1.24.0/configure 

## --------- ##
## Platform. ##
## --------- ##

hostname = localhost.localdomain
uname -m = x86_64
uname -r = 5.6.10-sulinos
uname -s = Linux
uname -v = #1 SMP Wed May 6 23:38:45 2020

/usr/bin/uname -p = unknown
/bin/uname -X     = unknown

/bin/arch              = x86_64
/usr/bin/arch -k       = unknown
/usr/convex/getsysinfo = unknown
/usr/bin/hostinfo      = unknown
/bin/machine           = unknown
/usr/bin/oslevel       = unknown
/bin/universe          = unknown

PATH: /sbin
PATH: /bin
PATH: /usr/sbin
PATH: /usr/bin


## ----------- ##
## Core tests. ##
## ----------- ##

configure:2484: checking for a BSD-compatible install
configure:2552: result: /usr/bin/install -c
configure:2563: checking whether build environment is sane
configure:2618: result: yes
configure:2767: checking for a thread-safe mkdir -p
configure:2806: result: /bin/mkdir -p
configure:2813: checking for gawk
configure:2829: found /usr/bin/gawk
configure:2840: result: gawk
configure:2851: checking whether make sets $(MAKE)
configure:2873: result: yes
configure:2902: checking whether make supports nested variables
configure:2919: result: yes
configure:2936: error: source directory already configured; run "make distclean" there first

## ---------------- ##
## Cache variables. ##
## ---------------- ##

ac_cv_env_CC_set=
ac_cv_env_CC_value=
ac_cv_env_CFLAGS_set=
ac_cv_env_CFLAGS_value=
ac_cv_env_CPPFLAGS_set=
ac_cv_env_CPPFLAGS_value=
ac_cv_env_CPP_set=
ac_cv_env_CPP_value=
ac_cv_env_DBUS_GLIB_CFLAGS_set=
ac_cv_env_DBUS_GLIB_CFLAGS_value=
ac_cv_env_DBUS_GLIB_LIBS_set=
ac_cv_env_DBUS_GLIB_LIBS_value=
ac_cv_env_EGG_SMCLIENT_CFLAGS_set=
ac_cv_env_EGG_SMCLIENT_CFLAGS_value=
ac_cv_env_EGG_SMCLIENT_LIBS_set=
ac_cv_env_EGG_SMCLIENT_LIBS_value=
ac_cv_env_GLES_TEST_CFLAGS_set=
ac_cv_env_GLES_TEST_CFLAGS_value=
ac_cv_env_GLES_TEST_LIBS_set=
ac_cv_env_GLES_TEST_LIBS_value=
ac_cv_env_GLIB_COMPILE_SCHEMAS_set=
ac_cv_env_GLIB_COMPILE_SCHEMAS_value=
ac_cv_env_GL_TEST_CFLAGS_set=
ac_cv_env_GL_TEST_CFLAGS_value=
ac_cv_env_GL_TEST_LIBS_set=
ac_cv_env_GL_TEST_LIBS_value=
ac_cv_env_GTK3_CFLAGS_set=
ac_cv_env_GTK3_CFLAGS_value=
ac_cv_env_GTK3_LIBS_set=
ac_cv_env_GTK3_LIBS_value=
ac_cv_env_ICE_CFLAGS_set=
ac_cv_env_ICE_CFLAGS_value=
ac_cv_env_ICE_LIBS_set=
ac_cv_env_ICE_LIBS_value=
ac_cv_env_LDFLAGS_set=
ac_cv_env_LDFLAGS_value=
ac_cv_env_LIBELOGIND_CFLAGS_set=
ac_cv_env_LIBELOGIND_CFLAGS_value=
ac_cv_env_LIBELOGIND_LIBS_set=
ac_cv_env_LIBELOGIND_LIBS_value=
ac_cv_env_LIBS_set=
ac_cv_env_LIBS_value=
ac_cv_env_LT_SYS_LIBRARY_PATH_set=
ac_cv_env_LT_SYS_LIBRARY_PATH_value=
ac_cv_env_MATE_SESSION_CFLAGS_set=
ac_cv_env_MATE_SESSION_CFLAGS_value=
ac_cv_env_MATE_SESSION_LIBS_set=
ac_cv_env_MATE_SESSION_LIBS_value=
ac_cv_env_PKG_CONFIG_LIBDIR_set=
ac_cv_env_PKG_CONFIG_LIBDIR_value=
ac_cv_env_PKG_CONFIG_PATH_set=
ac_cv_env_PKG_CONFIG_PATH_value=
ac_cv_env_PKG_CONFIG_set=
ac_cv_env_PKG_CONFIG_value=
ac_cv_env_SESSION_PROPERTIES_CFLAGS_set=
ac_cv_env_SESSION_PROPERTIES_CFLAGS_value=
ac_cv_env_SESSION_PROPERTIES_LIBS_set=
ac_cv_env_SESSION_PROPERTIES_LIBS_value=
ac_cv_env_SM_CFLAGS_set=
ac_cv_env_SM_CFLAGS_value=
ac_cv_env_SM_LIBS_set=
ac_cv_env_SM_LIBS_value=
ac_cv_env_SYSTEMD_CFLAGS_set=
ac_cv_env_SYSTEMD_CFLAGS_value=
ac_cv_env_SYSTEMD_LIBS_set=
ac_cv_env_SYSTEMD_LIBS_value=
ac_cv_env_X11_CFLAGS_set=
ac_cv_env_X11_CFLAGS_value=
ac_cv_env_X11_LIBS_set=
ac_cv_env_X11_LIBS_value=
ac_cv_env_XEXT_CFLAGS_set=
ac_cv_env_XEXT_CFLAGS_value=
ac_cv_env_XEXT_LIBS_set=
ac_cv_env_XEXT_LIBS_value=
ac_cv_env_XRENDER_CFLAGS_set=
ac_cv_env_XRENDER_CFLAGS_value=
ac_cv_env_XRENDER_LIBS_set=
ac_cv_env_XRENDER_LIBS_value=
ac_cv_env_XTEST_CFLAGS_set=
ac_cv_env_XTEST_CFLAGS_value=
ac_cv_env_XTEST_LIBS_set=
ac_cv_env_XTEST_LIBS_value=
ac_cv_env_XTRANS_CFLAGS_set=
ac_cv_env_XTRANS_CFLAGS_value=
ac_cv_env_XTRANS_LIBS_set=
ac_cv_env_XTRANS_LIBS_value=
ac_cv_env_build_alias_set=
ac_cv_env_build_alias_value=
ac_cv_env_host_alias_set=
ac_cv_env_host_alias_value=
ac_cv_env_target_alias_set=
ac_cv_env_target_alias_value=
ac_cv_path_install='/usr/bin/install -c'
ac_cv_path_mkdir=/bin/mkdir
ac_cv_prog_AWK=gawk
ac_cv_prog_make_make_set=yes
am_cv_make_support_nested_variables=yes

## ----------------- ##
## Output variables. ##
## ----------------- ##

ACLOCAL=''
ACLOCAL_AMFLAGS=''
AMDEPBACKSLASH=''
AMDEP_FALSE=''
AMDEP_TRUE=''
AMTAR=''
AM_BACKSLASH='\'
AM_DEFAULT_V='$(AM_DEFAULT_VERBOSITY)'
AM_DEFAULT_VERBOSITY='1'
AM_V='$(V)'
AR=''
AUTOCONF=''
AUTOHEADER=''
AUTOMAKE=''
AWK='gawk'
CC=''
CCDEPMODE=''
CFLAGS=''
CPP=''
CPPFLAGS=''
CYGPATH_W=''
DBUS_GLIB_CFLAGS=''
DBUS_GLIB_LIBS=''
DEFAULT_WM=''
DEFS=''
DEPDIR=''
DISABLE_DEPRECATED=''
DISABLE_DEPRECATED_CFLAGS=''
DLLTOOL=''
DOCBOOK_DOCS_ENABLED_FALSE=''
DOCBOOK_DOCS_ENABLED_TRUE=''
DSYMUTIL=''
DUMPBIN=''
ECHO_C=''
ECHO_N='-n'
ECHO_T=''
EGG_SMCLIENT_CFLAGS=''
EGG_SMCLIENT_LIBS=''
EGREP=''
EXECINFO_LIBS=''
EXEEXT=''
FGREP=''
GETTEXT_MACRO_VERSION=''
GETTEXT_PACKAGE=''
GLES_TEST_CFLAGS=''
GLES_TEST_LIBS=''
GLIB_COMPILE_SCHEMAS=''
GLIB_GENMARSHAL=''
GL_TEST_CFLAGS=''
GL_TEST_LIBS=''
GMSGFMT=''
GMSGFMT_015=''
GREP=''
GSETTINGS_DISABLE_SCHEMAS_COMPILE=''
GSETTINGS_RULES=''
GTK3_CFLAGS=''
GTK3_LIBS=''
HAVE_ELOGIND=''
HAVE_ELOGIND_FALSE=''
HAVE_ELOGIND_TRUE=''
HAVE_SYSTEMD=''
HAVE_SYSTEMD_FALSE=''
HAVE_SYSTEMD_TRUE=''
HAVE_XRENDER=''
HAVE_XRENDER_FALSE=''
HAVE_XRENDER_TRUE=''
HAVE_XTEST=''
HAVE_XTRANS=''
ICE_CFLAGS=''
ICE_LIBS=''
INSTALL_DATA='${INSTALL} -m 644'
INSTALL_PROGRAM='${INSTALL}'
INSTALL_SCRIPT='${INSTALL}'
INSTALL_STRIP_PROGRAM='$(install_sh) -c -s'
INTLLIBS=''
INTL_MACOSX_LIBS=''
LD=''
LDFLAGS=''
LIBELOGIND_CFLAGS=''
LIBELOGIND_LIBS=''
LIBICONV=''
LIBINTL=''
LIBOBJS=''
LIBS=''
LIBTOOL=''
LIPO=''
LN_S=''
LTLIBICONV=''
LTLIBINTL=''
LTLIBOBJS=''
LT_SYS_LIBRARY_PATH=''
MAINT=''
MAINTAINER_MODE_FALSE=''
MAINTAINER_MODE_TRUE=''
MAKEINFO=''
MANIFEST_TOOL=''
MATE_SESSION_CFLAGS=''
MATE_SESSION_LIBS=''
MKDIR_P='/bin/mkdir -p'
MSGFMT=''
MSGFMT_015=''
MSGMERGE=''
NM=''
NMEDIT=''
OBJDUMP=''
OBJEXT=''
OTOOL64=''
OTOOL=''
PACKAGE=''
PACKAGE_BUGREPORT='https://mate-desktop.org/'
PACKAGE_NAME='mate-session-manager'
PACKAGE_STRING='mate-session-manager 1.24.0'
PACKAGE_TARNAME='mate-session-manager'
PACKAGE_URL=''
PACKAGE_VERSION='1.24.0'
PATH_SEPARATOR=':'
PERL=''
PKG_CONFIG=''
PKG_CONFIG_LIBDIR=''
PKG_CONFIG_PATH=''
POSUB=''
RANLIB=''
REBUILD=''
SED=''
SESSION_PROPERTIES_CFLAGS=''
SESSION_PROPERTIES_LIBS=''
SET_MAKE=''
SHELL='/bin/sh'
SM_CFLAGS=''
SM_LIBS=''
STRIP=''
SYSTEMD_CFLAGS=''
SYSTEMD_LIBS=''
USE_MATE_WM_FALSE=''
USE_MATE_WM_TRUE=''
USE_NLS=''
VERSION=''
WARN_CFLAGS=''
X11_CFLAGS=''
X11_LIBS=''
XEXT_CFLAGS=''
XEXT_LIBS=''
XGETTEXT=''
XGETTEXT_015=''
XGETTEXT_EXTRA_OPTIONS=''
XMLTO=''
XRENDER_CFLAGS=''
XRENDER_LIBS=''
XSLTPROC=''
XTEST_CFLAGS=''
XTEST_LIBS=''
XTRANS_CFLAGS=''
XTRANS_LIBS=''
ac_ct_AR=''
ac_ct_CC=''
ac_ct_DUMPBIN=''
am__EXEEXT_FALSE=''
am__EXEEXT_TRUE=''
am__fastdepCC_FALSE=''
am__fastdepCC_TRUE=''
am__include=''
am__isrc=' -I$(srcdir)'
am__leading_dot='.'
am__nodep=''
am__quote=''
am__tar=''
am__untar=''
bindir='${exec_prefix}/bin'
build=''
build_alias=''
build_cpu=''
build_os=''
build_vendor=''
datadir='${datarootdir}'
datarootdir='${prefix}/share'
docdir='${datarootdir}/doc/${PACKAGE_TARNAME}'
dvidir='${docdir}'
exec_prefix='NONE'
gsettingsschemadir=''
host=''
host_alias=''
host_cpu=''
host_os=''
host_vendor=''
htmldir='${docdir}'
includedir='${prefix}/include'
infodir='${datarootdir}/info'
install_sh='${SHELL} /var/inary/mate-session-manager-1.24.0-2/work/mate-session-manager-1.24.0/install-sh'
libdir='${exec_prefix}/lib'
libexecdir='${exec_prefix}/libexec'
localedir='${datarootdir}/locale'
localstatedir='${prefix}/var'
mandir='${datarootdir}/man'
mkdir_p=''
oldincludedir='/usr/include'
pdfdir='${docdir}'
prefix='NONE'
program_transform_name='s,x,x,'
psdir='${docdir}'
sbindir='${exec_prefix}/sbin'
sharedstatedir='${prefix}/com'
sysconfdir='${prefix}/etc'
target_alias=''

## ----------- ##
## confdefs.h. ##
## ----------- ##

/* confdefs.h */
#define PACKAGE_NAME "mate-session-manager"
#define PACKAGE_TARNAME "mate-session-manager"
#define PACKAGE_VERSION "1.24.0"
#define PACKAGE_STRING "mate-session-manager 1.24.0"
#define PACKAGE_BUGREPORT "https://mate-desktop.org/"
#define PACKAGE_URL ""

configure: exit 1
